<?xml version="1.0" encoding="UTF-8"?>
<!-- Generated by org.testng.reporters.JUnitXMLReporter -->
<testsuite ignored="0" hostname="DESKTOP-NKHHBDT" failures="0" tests="6" name="APIWeatherTest" time="19.619" errors="0" timestamp="21 Apr 2021 12:45:50 GMT">
  <testcase classname="testWeather.testWeather" name="getWeather" time="10.994"/>
  <testcase classname="testWeather.testWeather" name="getWeather" time="0.988"/>
  <testcase classname="testWeather.testWeather" name="getWeather" time="0.906"/>
  <testcase classname="testWeather.testWeather" name="getWeather" time="2.44"/>
  <testcase classname="testWeather.testWeather" name="getWeather" time="1.258"/>
  <testcase classname="testWeather.testWeather" name="getWeather" time="1.126"/>
</testsuite> <!-- APIWeatherTest -->
